0 info it worked if it ends with ok
1 verbose cli [
1 verbose cli   'C:\\Program Files\\nodejs\\node.exe',
1 verbose cli   'C:\\Users\\Abhi\\AppData\\Roaming\\npm\\node_modules\\npm\\bin\\npm-cli.js',
1 verbose cli   'init'
1 verbose cli ]
2 info using npm@3.10.10
3 info using node@v16.20.0
4 verbose stack Error: kill ENOSYS
4 verbose stack     at process.kill (node:internal/process/per_thread:221:13)
4 verbose stack     at process.listener (C:\Users\Abhi\AppData\Roaming\npm\node_modules\npm\node_modules\npmlog\node_modules\gauge\node_modules\signal-exit\index.js:86:15)
4 verbose stack     at process.emit (node:events:525:35)
5 verbose cwd E:\UdmeySpringBoot\actuator\actuator
6 error Windows_NT 10.0.22621
7 error argv "C:\\Program Files\\nodejs\\node.exe" "C:\\Users\\Abhi\\AppData\\Roaming\\npm\\node_modules\\npm\\bin\\npm-cli.js" "init"
8 error node v16.20.0
9 error npm  v3.10.10
10 error code ENOSYS
11 error errno -4054
12 error syscall kill
13 error kill ENOSYS
14 error If you need help, you may report this error at:
14 error     <https://github.com/npm/npm/issues>
15 verbose exit [ -4054, true ]
